WARN  2017-11-03 19:16:01 unity.dash.gsettingsscopereader GSettingsScopes.cpp:108 Error fetching protocol metadata for scope: social.scope : Valid key file could not be found in search dirs
WARN  2017-11-03 19:16:04 unity.glib.dbus.server GLibDBusServer.cpp:593 Can't register object 'com.canonical.Unity.Launcher' yet as we don't have a connection, waiting for it...
WARN  2017-11-03 19:16:23 unity.glib.dbus.server GLibDBusServer.cpp:593 Can't register object 'com.canonical.Unity.Dash' yet as we don't have a connection, waiting for it...
WARN  2017-11-03 19:16:27 unity.glib.dbus.server GLibDBusServer.cpp:593 Can't register object 'org.gnome.SessionManager.EndSessionDialog' yet as we don't have a connection, waiting for it...
WARN  2017-11-03 19:16:27 unity.glib.dbus.server GLibDBusServer.cpp:593 Can't register object 'com.canonical.Unity.Session' yet as we don't have a connection, waiting for it...
WARN  2017-11-03 19:16:27 unity.glib.dbus.server GLibDBusServer.cpp:593 Can't register object 'org.gnome.ScreenSaver' yet as we don't have a connection, waiting for it...
ERROR 2017-11-03 19:17:09 unity.session.gnome GnomeSessionManager.cpp:420 logind CanHibernate call failed: Timed out waiting for proxy
WARN  2017-11-03 19:17:09 unity.glib.dbus.proxy GLibDBusProxy.cpp:403 Cannot call method CanHibernate: Timed out waiting for proxy
ERROR 2017-11-03 19:17:09 unity.session.gnome GnomeSessionManager.cpp:420 logind CanSuspend call failed: Timed out waiting for proxy
WARN  2017-11-03 19:17:09 unity.glib.dbus.proxy GLibDBusProxy.cpp:403 Cannot call method CanSuspend: Timed out waiting for proxy
ERROR 2017-11-03 19:17:09 unity.session.gnome GnomeSessionManager.cpp:383 Gnome Session call failed: Timed out waiting for proxy
WARN  2017-11-03 19:17:09 unity.glib.dbus.proxy GLibDBusProxy.cpp:403 Cannot call method CanShutdown: Timed out waiting for proxy
ERROR 2017-11-03 19:17:11 unity.glib.dbus.server GLibDBusServer.cpp:538 DBus name lost 'org.gnome.Shell'
ERROR 2017-11-03 19:17:14 unity.glib.dbus.server GLibDBusServer.cpp:538 DBus name lost 'com.canonical.Unity'
WARN  2017-11-03 19:17:14 unity.key.gnome.grabber GnomeKeyGrabber.cpp:108 Trying to grab a disabled action, we skip it
WARN  2017-11-03 19:17:14 unity.key.gnome.grabber GnomeKeyGrabber.cpp:108 Trying to grab a disabled action, we skip it
WARN  2017-11-03 19:17:14 unity.key.gnome.grabber GnomeKeyGrabber.cpp:108 Trying to grab a disabled action, we skip it
WARN  2017-11-03 19:17:14 unity.key.gnome.grabber GnomeKeyGrabber.cpp:108 Trying to grab a disabled action, we skip it
WARN  2017-11-03 19:17:14 unity.key.gnome.grabber GnomeKeyGrabber.cpp:108 Trying to grab a disabled action, we skip it
WARN  2017-11-03 19:17:14 unity.key.gnome.grabber GnomeKeyGrabber.cpp:108 Trying to grab a disabled action, we skip it
WARN  2017-11-03 19:17:14 unity.key.gnome.grabber GnomeKeyGrabber.cpp:108 Trying to grab a disabled action, we skip it
WARN  2017-11-03 19:17:14 unity.key.gnome.grabber GnomeKeyGrabber.cpp:108 Trying to grab a disabled action, we skip it
WARN  2017-11-03 19:17:14 unity.key.gnome.grabber GnomeKeyGrabber.cpp:108 Trying to grab a disabled action, we skip it
WARN  2017-11-03 19:17:14 unity.key.gnome.grabber GnomeKeyGrabber.cpp:108 Trying to grab a disabled action, we skip it
WARN  2017-11-03 19:17:22 unity.glib.dbus.proxy GLibDBusProxy.cpp:487 Calling method "HibernateAllowed" on object path: "/org/freedesktop/UPower" failed: GDBus.Error:org.freedesktop.DBus.Error.UnknownMethod: No such method 'HibernateAllowed'
ERROR 2017-11-03 19:17:22 unity.session.gnome GnomeSessionManager.cpp:400 UPower call failed: GDBus.Error:org.freedesktop.DBus.Error.UnknownMethod: No such method 'HibernateAllowed'
WARN  2017-11-03 19:17:22 unity.glib.dbus.proxy GLibDBusProxy.cpp:487 Calling method "SuspendAllowed" on object path: "/org/freedesktop/UPower" failed: GDBus.Error:org.freedesktop.DBus.Error.UnknownMethod: No such method 'SuspendAllowed'
ERROR 2017-11-03 19:17:22 unity.session.gnome GnomeSessionManager.cpp:400 UPower call failed: GDBus.Error:org.freedesktop.DBus.Error.UnknownMethod: No such method 'SuspendAllowed'
[GFX1-]: ClientLayerManager::BeginTransaction with IPC channel down. GPU process may have died.
[GFX1-]: ClientLayerManager::BeginTransaction with IPC channel down. GPU process may have died.
[GFX1-]: ClientLayerManager::BeginTransaction with IPC channel down. GPU process may have died.
[GFX1-]: ClientLayerManager::BeginTransaction with IPC channel down. GPU process may have died.
[GFX1-]: ClientLayerManager::BeginTransaction with IPC channel down. GPU process may have died.
[GFX1-]: ClientLayerManager::BeginTransaction with IPC channel down. GPU process may have died.
[GFX1-]: ClientLayerManager::BeginTransaction with IPC channel down. GPU process may have died.
[GFX1-]: ClientLayerManager::BeginTransaction with IPC channel down. GPU process may have died.
[GFX1-]: ClientLayerManager::BeginTransaction with IPC channel down. GPU process may have died.
[GFX1-]: ClientLayerManager::BeginTransaction with IPC channel down. GPU process may have died.
[GFX1-]: ClientLayerManager::BeginTransaction with IPC channel down. GPU process may have died.
[GFX1-]: ClientLayerManager::BeginTransaction with IPC channel down. GPU process may have died.
[GFX1-]: ClientLayerManager::BeginTransaction with IPC channel down. GPU process may have died.
[GFX1-]: ClientLayerManager::BeginTransaction with IPC channel down. GPU process may have died.
[GFX1-]: ClientLayerManager::BeginTransaction with IPC channel down. GPU process may have died.
[GFX1-]: ClientLayerManager::BeginTransaction with IPC channel down. GPU process may have died.
[GFX1-]: ClientLayerManager::BeginTransaction with IPC channel down. GPU process may have died.
[GFX1-]: ClientLayerManager::BeginTransaction with IPC channel down. GPU process may have died.
[GFX1-]: ClientLayerManager::BeginTransaction with IPC channel down. GPU process may have died.
[GFX1-]: ClientLayerManager::BeginTransaction with IPC channel down. GPU process may have died.
[GFX1-]: ClientLayerManager::BeginTransaction with IPC channel down. GPU process may have died.
[GFX1-]: ClientLayerManager::BeginTransaction with IPC channel down. GPU process may have died.

###!!! [Child][MessageChannel] Error: (msgtype=0x4400AB,name=PContent::Msg_ConsoleMessage) Channel closing: too late to send/recv, messages will be lost

WARN  2017-11-03 19:30:04 unity.shell.compiz unityshell.cpp:3241 Animation plugin not found. Can't set minimize speed.
